::1 - - [20/Nov/2021:09:19:54 +0000] "GET /api/users/51166622-00f0-4a31-acc8-8dff2ef28fc6 HTTP/1.1" 401 11 "-" "PostmanRuntime/7.28.3"
::1 - - [20/Nov/2021:09:20:36 +0000] "GET /api/users/51166622-00f0-4a31-acc8-8dff2ef28fc6 HTTP/1.1" 200 277 "-" "PostmanRuntime/7.28.3"
::1 - - [20/Nov/2021:09:21:40 +0000] "GET /api/users/51166622-00f0-4a31-acc8-8dff2ef28fc6 HTTP/1.1" 401 11 "-" "PostmanRuntime/7.28.3"
::1 - - [20/Nov/2021:09:24:48 +0000] "GET /api/users/51166622-00f0-4a31-acc8-8dff2ef28fc6 HTTP/1.1" 200 277 "-" "PostmanRuntime/7.28.3"
::1 - - [20/Nov/2021:09:30:14 +0000] "GET /api/users/51166622-00f0-4a31-acc8-8dff2ef28fc6 HTTP/1.1" 200 277 "-" "PostmanRuntime/7.28.3"
::1 - - [20/Nov/2021:10:09:07 +0000] "POST /api/auth/login HTTP/1.1" 500 35 "-" "PostmanRuntime/7.28.3"
::1 - - [20/Nov/2021:10:10:09 +0000] "POST /api/auth/register HTTP/1.1" 400 35 "-" "PostmanRuntime/7.28.3"
::1 - - [20/Nov/2021:10:10:36 +0000] "POST /api/auth/register HTTP/1.1" 404 157 "-" "PostmanRuntime/7.28.3"
::1 - - [20/Nov/2021:10:11:31 +0000] "POST /api/auth/register HTTP/1.1" 404 157 "-" "PostmanRuntime/7.28.3"
::1 - - [20/Nov/2021:10:11:56 +0000] "POST /api/auth/register HTTP/1.1" 400 1599 "-" "PostmanRuntime/7.28.3"
::1 - - [20/Nov/2021:10:13:25 +0000] "POST /api/auth/register HTTP/1.1" 201 34 "-" "PostmanRuntime/7.28.3"
::1 - - [20/Nov/2021:10:13:53 +0000] "POST /api/auth/login HTTP/1.1" 404 154 "-" "PostmanRuntime/7.28.3"
::1 - - [20/Nov/2021:10:14:52 +0000] "POST /api/auth/login HTTP/1.1" 404 154 "-" "PostmanRuntime/7.28.3"
::1 - - [20/Nov/2021:10:15:33 +0000] "POST /api/auth/login HTTP/1.1" 200 268 "-" "PostmanRuntime/7.28.3"
::1 - - [20/Nov/2021:10:16:27 +0000] "POST /api/auth/register HTTP/1.1" 400 491 "-" "PostmanRuntime/7.28.3"
::1 - - [20/Nov/2021:10:17:14 +0000] "GET /api/users HTTP/1.1" 200 1115 "-" "PostmanRuntime/7.28.3"
::1 - - [20/Nov/2021:10:17:22 +0000] "GET /api/users/51166622-00f0-4a31-acc8-8dff2ef28fc6 HTTP/1.1" 200 279 "-" "PostmanRuntime/7.28.3"
::1 - - [20/Nov/2021:10:17:44 +0000] "GET /api/posts HTTP/1.1" 400 45 "-" "PostmanRuntime/7.28.3"
::1 - - [20/Nov/2021:10:17:51 +0000] "POST /api/posts HTTP/1.1" 401 11 "-" "PostmanRuntime/7.28.3"
::1 - - [20/Nov/2021:10:18:22 +0000] "POST /api/posts HTTP/1.1" 201 147 "-" "PostmanRuntime/7.28.3"
::1 - - [20/Nov/2021:10:21:56 +0000] "POST /api/posts HTTP/1.1" 201 146 "-" "PostmanRuntime/7.28.3"
::1 - - [20/Nov/2021:10:23:44 +0000] "POST /api/posts HTTP/1.1" 201 147 "-" "PostmanRuntime/7.28.3"
::1 - - [20/Nov/2021:10:24:53 +0000] "POST /api/posts HTTP/1.1" 201 153 "-" "PostmanRuntime/7.28.3"
::1 - - [20/Nov/2021:10:25:34 +0000] "POST /api/posts HTTP/1.1" 201 148 "-" "PostmanRuntime/7.28.3"
::1 - - [20/Nov/2021:10:27:08 +0000] "POST /api/posts HTTP/1.1" 201 148 "-" "PostmanRuntime/7.28.3"
::1 - - [20/Nov/2021:10:28:18 +0000] "POST /api/posts HTTP/1.1" 201 146 "-" "PostmanRuntime/7.28.3"
::1 - - [20/Nov/2021:10:29:56 +0000] "POST /api/posts HTTP/1.1" 201 152 "-" "PostmanRuntime/7.28.3"
::1 - - [20/Nov/2021:10:30:21 +0000] "POST /api/posts HTTP/1.1" 201 152 "-" "PostmanRuntime/7.28.3"
::1 - - [20/Nov/2021:10:30:51 +0000] "POST /api/posts HTTP/1.1" 201 156 "-" "PostmanRuntime/7.28.3"
::1 - - [20/Nov/2021:10:31:21 +0000] "POST /api/posts HTTP/1.1" 400 416 "-" "PostmanRuntime/7.28.3"
::1 - - [20/Nov/2021:10:31:58 +0000] "POST /api/posts HTTP/1.1" 201 153 "-" "PostmanRuntime/7.28.3"
::1 - - [20/Nov/2021:10:33:26 +0000] "POST /api/posts HTTP/1.1" 201 153 "-" "PostmanRuntime/7.28.3"
::1 - - [20/Nov/2021:10:34:05 +0000] "POST /api/posts HTTP/1.1" 201 153 "-" "PostmanRuntime/7.28.3"
::1 - - [20/Nov/2021:10:34:55 +0000] "POST /api/posts HTTP/1.1" 201 153 "-" "PostmanRuntime/7.28.3"
::1 - - [20/Nov/2021:12:37:02 +0000] "POST /api/posts HTTP/1.1" 201 153 "-" "PostmanRuntime/7.28.3"
::1 - - [20/Nov/2021:12:37:51 +0000] "POST /api/posts HTTP/1.1" 201 153 "-" "PostmanRuntime/7.28.3"
::1 - - [20/Nov/2021:12:38:50 +0000] "POST /api/posts HTTP/1.1" 201 153 "-" "PostmanRuntime/7.28.3"
::1 - - [20/Nov/2021:12:40:22 +0000] "POST /api/posts HTTP/1.1" 201 153 "-" "PostmanRuntime/7.28.3"
::1 - - [20/Nov/2021:12:41:12 +0000] "POST /api/posts HTTP/1.1" 201 153 "-" "PostmanRuntime/7.28.3"
::1 - - [20/Nov/2021:12:42:00 +0000] "POST /api/posts HTTP/1.1" 201 153 "-" "PostmanRuntime/7.28.3"
::1 - - [20/Nov/2021:12:42:16 +0000] "POST /api/posts HTTP/1.1" 201 153 "-" "PostmanRuntime/7.28.3"
::1 - - [20/Nov/2021:12:42:24 +0000] "POST /api/posts HTTP/1.1" 201 153 "-" "PostmanRuntime/7.28.3"
::1 - - [20/Nov/2021:12:45:11 +0000] "PUT /api/posts/161e3101-59a0-4539-a616-8c1f0df5200d HTTP/1.1" 401 11 "-" "PostmanRuntime/7.28.3"
::1 - - [20/Nov/2021:12:45:44 +0000] "PUT /api/posts/161e3101-59a0-4539-a616-8c1f0df5200d HTTP/1.1" 401 11 "-" "PostmanRuntime/7.28.3"
::1 - - [20/Nov/2021:12:48:26 +0000] "PUT /api/posts/161e3101-59a0-4539-a616-8c1f0df5200d HTTP/1.1" 200 43 "-" "PostmanRuntime/7.28.3"
::1 - - [20/Nov/2021:12:49:11 +0000] "GET /api/posts HTTP/1.1" 400 45 "-" "PostmanRuntime/7.28.3"
::1 - - [20/Nov/2021:12:49:26 +0000] "GET /api/posts HTTP/1.1" 400 45 "-" "PostmanRuntime/7.28.3"
::1 - - [20/Nov/2021:12:50:07 +0000] "PUT /api/posts/161e3101-59a0-4539-a616-8c1f0df5200d HTTP/1.1" 200 43 "-" "PostmanRuntime/7.28.3"
::1 - - [20/Nov/2021:12:50:46 +0000] "PUT /api/posts/1230213a-76d4-4d8a-bfd5-061f97b627c9 HTTP/1.1" 200 43 "-" "PostmanRuntime/7.28.3"
::1 - - [20/Nov/2021:12:55:05 +0000] "PUT /api/posts/1230213a-76d4-4d8a-bfd5-061f97b627c9 HTTP/1.1" 200 43 "-" "PostmanRuntime/7.28.3"
::1 - - [20/Nov/2021:12:55:33 +0000] "PUT /api/posts/1230213a-76d4-4d8a-bfd5-061f97b627c9 HTTP/1.1" 200 43 "-" "PostmanRuntime/7.28.3"
::1 - - [20/Nov/2021:12:56:04 +0000] "GET /api/posts/3595b28d-7d89-484a-88ed-9b1a3b2c997f HTTP/1.1" - - "-" "PostmanRuntime/7.28.3"
::1 - - [20/Nov/2021:12:57:40 +0000] "GET /api/posts/3595b28d-7d89-484a-88ed-9b1a3b2c997f HTTP/1.1" - - "-" "PostmanRuntime/7.28.3"
::1 - - [20/Nov/2021:12:58:20 +0000] "GET /api/posts/3595b28d-7d89-484a-88ed-9b1a3b2c997f HTTP/1.1" - - "-" "PostmanRuntime/7.28.3"
::1 - - [20/Nov/2021:13:25:09 +0000] "GET /api/posts/3595b28d-7d89-484a-88ed-9b1a3b2c997f HTTP/1.1" - - "-" "PostmanRuntime/7.28.3"
::1 - - [20/Nov/2021:13:25:13 +0000] "GET /api/posts HTTP/1.1" 400 45 "-" "PostmanRuntime/7.28.3"
::1 - - [20/Nov/2021:13:25:21 +0000] "GET /api/users HTTP/1.1" 200 1115 "-" "PostmanRuntime/7.28.3"
::1 - - [20/Nov/2021:13:26:39 +0000] "GET /api/posts HTTP/1.1" 400 45 "-" "PostmanRuntime/7.28.3"
::1 - - [20/Nov/2021:13:26:46 +0000] "GET /api/users HTTP/1.1" 200 1291 "-" "PostmanRuntime/7.28.3"
::1 - - [20/Nov/2021:13:28:50 +0000] "GET /api/posts HTTP/1.1" 400 45 "-" "PostmanRuntime/7.28.3"
::1 - - [20/Nov/2021:13:34:58 +0000] "GET /api/posts/3595b28d-7d89-484a-88ed-9b1a3b2c997f HTTP/1.1" - - "-" "PostmanRuntime/7.28.3"
::1 - - [20/Nov/2021:13:36:32 +0000] "GET /api/posts/3595b28d-7d89-484a-88ed-9b1a3b2c997f HTTP/1.1" - - "-" "PostmanRuntime/7.28.3"
::1 - - [20/Nov/2021:13:36:36 +0000] "PUT /api/posts/1230213a-76d4-4d8a-bfd5-061f97b627c9 HTTP/1.1" 200 43 "-" "PostmanRuntime/7.28.3"
::1 - - [20/Nov/2021:13:36:51 +0000] "POST /api/posts HTTP/1.1" 400 416 "-" "PostmanRuntime/7.28.3"
::1 - - [20/Nov/2021:13:37:17 +0000] "POST /api/posts HTTP/1.1" 400 416 "-" "PostmanRuntime/7.28.3"
::1 - - [20/Nov/2021:13:37:41 +0000] "POST /api/posts HTTP/1.1" 400 416 "-" "PostmanRuntime/7.28.3"
::1 - - [20/Nov/2021:13:38:27 +0000] "POST /api/posts HTTP/1.1" 400 416 "-" "PostmanRuntime/7.28.3"
::1 - - [20/Nov/2021:13:38:48 +0000] "POST /api/posts HTTP/1.1" 400 416 "-" "PostmanRuntime/7.28.3"
::1 - - [20/Nov/2021:13:38:59 +0000] "POST /api/posts HTTP/1.1" 201 146 "-" "PostmanRuntime/7.28.3"
::1 - - [20/Nov/2021:13:39:47 +0000] "POST /api/posts HTTP/1.1" 201 146 "-" "PostmanRuntime/7.28.3"
::1 - - [20/Nov/2021:13:41:48 +0000] "GET /api/posts/3595b28d-7d89-484a-88ed-9b1a3b2c997f HTTP/1.1" - - "-" "PostmanRuntime/7.28.3"
::1 - - [20/Nov/2021:13:42:09 +0000] "GET /api/posts HTTP/1.1" 400 45 "-" "PostmanRuntime/7.28.3"
::1 - - [20/Nov/2021:13:45:02 +0000] "GET /api/users HTTP/1.1" 200 1115 "-" "PostmanRuntime/7.28.3"
::1 - - [20/Nov/2021:13:46:47 +0000] "GET /api/users HTTP/1.1" 200 277 "-" "PostmanRuntime/7.28.3"
::1 - - [20/Nov/2021:13:46:53 +0000] "GET /api/users/51166622-00f0-4a31-acc8-8dff2ef28fc6 HTTP/1.1" 200 275 "-" "PostmanRuntime/7.28.3"
::1 - - [20/Nov/2021:13:47:01 +0000] "GET /api/posts HTTP/1.1" 400 45 "-" "PostmanRuntime/7.28.3"
::1 - - [20/Nov/2021:13:47:19 +0000] "GET /api/posts HTTP/1.1" 401 11 "-" "PostmanRuntime/7.28.3"
::1 - - [20/Nov/2021:13:47:26 +0000] "GET /api/posts HTTP/1.1" 400 45 "-" "PostmanRuntime/7.28.3"
::1 - - [20/Nov/2021:13:47:38 +0000] "POST /api/auth/register HTTP/1.1" 201 34 "-" "PostmanRuntime/7.28.3"
::1 - - [20/Nov/2021:13:47:44 +0000] "POST /api/auth/login HTTP/1.1" 200 268 "-" "PostmanRuntime/7.28.3"
::1 - - [20/Nov/2021:13:48:06 +0000] "GET /api/posts HTTP/1.1" 400 45 "-" "PostmanRuntime/7.28.3"
::1 - - [20/Nov/2021:13:48:25 +0000] "GET /api/posts/3595b28d-7d89-484a-88ed-9b1a3b2c997f HTTP/1.1" - - "-" "PostmanRuntime/7.28.3"
